2018-11-26 11:21:22 ERROR [zkewed.facebookpagescraper.service.impl.PostServiceImpl:153] - getSubPost Method : com.restfb.exception.FacebookNetworkException: A network error occurred while trying to communicate with Facebook: Facebook request failed (HTTP status code 502)
2018-11-26 11:56:41 ERROR [zkewed.facebookpagescraper.service.impl.PostServiceImpl:154] - getSubPost Method : com.restfb.exception.FacebookGraphException: Received Facebook error response of type GraphMethodException: Unsupported get request. Object with ID '233954090051670_1939266279478349' does not exist, cannot be loaded due to missing permissions, or does not support this operation. Please read the Graph API documentation at https://developers.facebook.com/docs/graph-api (code 100, subcode 33)
2018-11-26 11:56:42 ERROR [zkewed.facebookpagescraper.service.impl.PostServiceImpl:154] - getSubPost Method : com.restfb.exception.FacebookGraphException: Received Facebook error response of type GraphMethodException: Unsupported get request. Object with ID '233954090051670_1644567168945684' does not exist, cannot be loaded due to missing permissions, or does not support this operation. Please read the Graph API documentation at https://developers.facebook.com/docs/graph-api (code 100, subcode 33)
2018-11-26 11:56:42 ERROR [zkewed.facebookpagescraper.service.impl.PostServiceImpl:154] - getSubPost Method : com.restfb.exception.FacebookGraphException: Received Facebook error response of type GraphMethodException: Unsupported get request. Object with ID '233954090051670_1662095200535121' does not exist, cannot be loaded due to missing permissions, or does not support this operation. Please read the Graph API documentation at https://developers.facebook.com/docs/graph-api (code 100, subcode 33)
2018-11-26 12:15:16 ERROR [zkewed.facebookpagescraper.service.impl.PostServiceImpl:154] - getSubPost Method : com.restfb.exception.FacebookOAuthException: Received Facebook error response of type OAuthException: (#32) Page request limit reached (code 32, subcode null)
2018-11-26 12:15:16 ERROR [zkewed.facebookpagescraper.service.impl.PostServiceImpl:154] - getSubPost Method : com.restfb.exception.FacebookOAuthException: Received Facebook error response of type OAuthException: (#32) Page request limit reached (code 32, subcode null)
2018-11-26 12:15:16 ERROR [zkewed.facebookpagescraper.service.impl.PostServiceImpl:154] - getSubPost Method : com.restfb.exception.FacebookOAuthException: Received Facebook error response of type OAuthException: (#32) Page request limit reached (code 32, subcode null)
2018-11-26 12:15:16 ERROR [zkewed.facebookpagescraper.service.impl.PostServiceImpl:154] - getSubPost Method : com.restfb.exception.FacebookOAuthException: Received Facebook error response of type OAuthException: (#32) Page request limit reached (code 32, subcode null)
2018-11-26 12:15:17 ERROR [zkewed.facebookpagescraper.service.impl.PostServiceImpl:154] - getSubPost Method : com.restfb.exception.FacebookOAuthException: Received Facebook error response of type OAuthException: (#32) Page request limit reached (code 32, subcode null)
2018-11-26 12:15:17 ERROR [zkewed.facebookpagescraper.service.impl.PostServiceImpl:154] - getSubPost Method : com.restfb.exception.FacebookOAuthException: Received Facebook error response of type OAuthException: (#32) Page request limit reached (code 32, subcode null)
2018-11-26 12:15:17 ERROR [zkewed.facebookpagescraper.service.impl.PostServiceImpl:154] - getSubPost Method : com.restfb.exception.FacebookOAuthException: Received Facebook error response of type OAuthException: (#32) Page request limit reached (code 32, subcode null)
2018-11-26 12:15:17 ERROR [zkewed.facebookpagescraper.service.impl.PostServiceImpl:154] - getSubPost Method : com.restfb.exception.FacebookOAuthException: Received Facebook error response of type OAuthException: (#32) Page request limit reached (code 32, subcode null)
2018-11-26 12:15:17 ERROR [zkewed.facebookpagescraper.service.impl.PostServiceImpl:154] - getSubPost Method : com.restfb.exception.FacebookOAuthException: Received Facebook error response of type OAuthException: (#32) Page request limit reached (code 32, subcode null)
2018-11-26 12:15:18 ERROR [zkewed.facebookpagescraper.views.Main:551] - ConnectButton1MouseCliked:OneRadio Main.java  : com.restfb.exception.FacebookOAuthException: Received Facebook error response of type OAuthException: (#32) Page request limit reached (code 32, subcode null)
2018-11-26 12:26:45 ERROR [zkewed.facebookpagescraper.views.Main:551] - ConnectButton1MouseCliked:OneRadio Main.java  : com.restfb.exception.FacebookOAuthException: Received Facebook error response of type OAuthException: (#32) Page request limit reached (code 32, subcode null)
2018-11-26 12:43:26 ERROR [zkewed.facebookpagescraper.views.Main:551] - ConnectButton1MouseCliked:OneRadio Main.java  : com.restfb.exception.FacebookOAuthException: Received Facebook error response of type OAuthException: (#32) Page request limit reached (code 32, subcode null)
2018-11-26 12:43:28 ERROR [zkewed.facebookpagescraper.views.Main:551] - ConnectButton1MouseCliked:OneRadio Main.java  : com.restfb.exception.FacebookOAuthException: Received Facebook error response of type OAuthException: (#32) Page request limit reached (code 32, subcode null)
2018-11-26 12:43:30 ERROR [zkewed.facebookpagescraper.views.Main:551] - ConnectButton1MouseCliked:OneRadio Main.java  : com.restfb.exception.FacebookOAuthException: Received Facebook error response of type OAuthException: (#32) Page request limit reached (code 32, subcode null)
2018-11-26 12:44:03 ERROR [zkewed.facebookpagescraper.views.Main:551] - ConnectButton1MouseCliked:OneRadio Main.java  : com.restfb.exception.FacebookOAuthException: Received Facebook error response of type OAuthException: (#32) Page request limit reached (code 32, subcode null)
2018-11-26 12:44:05 ERROR [zkewed.facebookpagescraper.views.Main:551] - ConnectButton1MouseCliked:OneRadio Main.java  : com.restfb.exception.FacebookOAuthException: Received Facebook error response of type OAuthException: (#32) Page request limit reached (code 32, subcode null)
2018-11-26 12:44:57 ERROR [zkewed.facebookpagescraper.views.Main:551] - ConnectButton1MouseCliked:OneRadio Main.java  : com.restfb.exception.FacebookOAuthException: Received Facebook error response of type OAuthException: (#32) Page request limit reached (code 32, subcode null)
2018-11-26 12:48:33 ERROR [zkewed.facebookpagescraper.views.Main:624] - addBtnMouseCliked : Main.java  : com.restfb.exception.FacebookOAuthException: Received Facebook error response of type OAuthException: (#32) Page request limit reached (code 32, subcode null)
2018-11-26 12:48:39 ERROR [zkewed.facebookpagescraper.views.Main:624] - addBtnMouseCliked : Main.java  : com.restfb.exception.FacebookOAuthException: Received Facebook error response of type OAuthException: (#32) Page request limit reached (code 32, subcode null)
2018-11-26 12:52:04 ERROR [zkewed.facebookpagescraper.views.Main:624] - addBtnMouseCliked : Main.java  : com.restfb.exception.FacebookOAuthException: Received Facebook error response of type OAuthException: (#32) Page request limit reached (code 32, subcode null)
2018-11-26 12:54:15 ERROR [zkewed.facebookpagescraper.service.impl.CommentServiceImpl:58] - getComments Method : com.restfb.exception.FacebookOAuthException: Received Facebook error response of type OAuthException: (#4) Application request limit reached (code 4, subcode null)
2018-11-26 12:54:15 ERROR [zkewed.facebookpagescraper.service.impl.PostServiceImpl:154] - getSubPost Method : java.lang.NullPointerException
2018-11-26 12:54:15 ERROR [zkewed.facebookpagescraper.service.impl.PostServiceImpl:154] - getSubPost Method : com.restfb.exception.FacebookOAuthException: Received Facebook error response of type OAuthException: (#4) Application request limit reached (code 4, subcode null)
2018-11-26 12:54:15 ERROR [zkewed.facebookpagescraper.service.impl.PostServiceImpl:154] - getSubPost Method : com.restfb.exception.FacebookOAuthException: Received Facebook error response of type OAuthException: (#4) Application request limit reached (code 4, subcode null)
2018-11-26 12:54:15 ERROR [zkewed.facebookpagescraper.service.impl.PostServiceImpl:154] - getSubPost Method : com.restfb.exception.FacebookOAuthException: Received Facebook error response of type OAuthException: (#4) Application request limit reached (code 4, subcode null)
2018-11-26 12:54:16 ERROR [zkewed.facebookpagescraper.service.impl.PostServiceImpl:154] - getSubPost Method : com.restfb.exception.FacebookOAuthException: Received Facebook error response of type OAuthException: (#4) Application request limit reached (code 4, subcode null)
2018-11-26 12:54:16 ERROR [zkewed.facebookpagescraper.service.impl.PostServiceImpl:154] - getSubPost Method : com.restfb.exception.FacebookOAuthException: Received Facebook error response of type OAuthException: (#4) Application request limit reached (code 4, subcode null)
2018-11-26 12:54:16 ERROR [zkewed.facebookpagescraper.service.impl.PostServiceImpl:154] - getSubPost Method : com.restfb.exception.FacebookOAuthException: Received Facebook error response of type OAuthException: (#4) Application request limit reached (code 4, subcode null)
2018-11-26 12:54:16 ERROR [zkewed.facebookpagescraper.service.impl.PostServiceImpl:154] - getSubPost Method : com.restfb.exception.FacebookOAuthException: Received Facebook error response of type OAuthException: (#4) Application request limit reached (code 4, subcode null)
2018-11-26 12:54:17 ERROR [zkewed.facebookpagescraper.service.impl.PostServiceImpl:154] - getSubPost Method : com.restfb.exception.FacebookOAuthException: Received Facebook error response of type OAuthException: (#4) Application request limit reached (code 4, subcode null)
2018-11-26 12:54:17 ERROR [zkewed.facebookpagescraper.service.impl.PostServiceImpl:154] - getSubPost Method : com.restfb.exception.FacebookOAuthException: Received Facebook error response of type OAuthException: (#4) Application request limit reached (code 4, subcode null)
2018-11-26 12:54:17 ERROR [zkewed.facebookpagescraper.service.impl.PostServiceImpl:154] - getSubPost Method : com.restfb.exception.FacebookOAuthException: Received Facebook error response of type OAuthException: (#4) Application request limit reached (code 4, subcode null)
2018-11-26 12:54:17 ERROR [zkewed.facebookpagescraper.service.impl.PostServiceImpl:154] - getSubPost Method : com.restfb.exception.FacebookOAuthException: Received Facebook error response of type OAuthException: (#4) Application request limit reached (code 4, subcode null)
2018-11-26 12:54:18 ERROR [zkewed.facebookpagescraper.service.impl.PostServiceImpl:154] - getSubPost Method : com.restfb.exception.FacebookOAuthException: Received Facebook error response of type OAuthException: (#4) Application request limit reached (code 4, subcode null)
2018-11-26 12:54:18 ERROR [zkewed.facebookpagescraper.service.impl.PostServiceImpl:154] - getSubPost Method : com.restfb.exception.FacebookOAuthException: Received Facebook error response of type OAuthException: (#4) Application request limit reached (code 4, subcode null)
2018-11-26 12:54:18 ERROR [zkewed.facebookpagescraper.service.impl.PostServiceImpl:154] - getSubPost Method : com.restfb.exception.FacebookOAuthException: Received Facebook error response of type OAuthException: (#4) Application request limit reached (code 4, subcode null)
2018-11-26 12:54:18 ERROR [zkewed.facebookpagescraper.service.impl.PostServiceImpl:154] - getSubPost Method : com.restfb.exception.FacebookOAuthException: Received Facebook error response of type OAuthException: (#4) Application request limit reached (code 4, subcode null)
2018-11-26 12:54:19 ERROR [zkewed.facebookpagescraper.service.impl.PostServiceImpl:154] - getSubPost Method : com.restfb.exception.FacebookOAuthException: Received Facebook error response of type OAuthException: (#4) Application request limit reached (code 4, subcode null)
2018-11-26 12:54:19 ERROR [zkewed.facebookpagescraper.service.impl.PostServiceImpl:154] - getSubPost Method : com.restfb.exception.FacebookOAuthException: Received Facebook error response of type OAuthException: (#4) Application request limit reached (code 4, subcode null)
2018-11-26 12:54:19 ERROR [zkewed.facebookpagescraper.service.impl.PostServiceImpl:154] - getSubPost Method : com.restfb.exception.FacebookOAuthException: Received Facebook error response of type OAuthException: (#4) Application request limit reached (code 4, subcode null)
2018-11-26 12:54:19 ERROR [zkewed.facebookpagescraper.service.impl.PostServiceImpl:154] - getSubPost Method : com.restfb.exception.FacebookOAuthException: Received Facebook error response of type OAuthException: (#4) Application request limit reached (code 4, subcode null)
2018-11-26 12:54:20 ERROR [zkewed.facebookpagescraper.service.impl.PostServiceImpl:154] - getSubPost Method : com.restfb.exception.FacebookOAuthException: Received Facebook error response of type OAuthException: (#4) Application request limit reached (code 4, subcode null)
2018-11-26 12:54:20 ERROR [zkewed.facebookpagescraper.service.impl.PostServiceImpl:154] - getSubPost Method : com.restfb.exception.FacebookOAuthException: Received Facebook error response of type OAuthException: (#4) Application request limit reached (code 4, subcode null)
2018-11-26 12:54:20 ERROR [zkewed.facebookpagescraper.service.impl.PostServiceImpl:154] - getSubPost Method : com.restfb.exception.FacebookOAuthException: Received Facebook error response of type OAuthException: (#4) Application request limit reached (code 4, subcode null)
2018-11-26 12:54:20 ERROR [zkewed.facebookpagescraper.service.impl.PostServiceImpl:154] - getSubPost Method : com.restfb.exception.FacebookOAuthException: Received Facebook error response of type OAuthException: (#4) Application request limit reached (code 4, subcode null)
2018-11-26 12:54:21 ERROR [zkewed.facebookpagescraper.service.impl.PostServiceImpl:154] - getSubPost Method : com.restfb.exception.FacebookOAuthException: Received Facebook error response of type OAuthException: (#4) Application request limit reached (code 4, subcode null)
2018-11-26 12:54:21 ERROR [zkewed.facebookpagescraper.service.impl.PostServiceImpl:154] - getSubPost Method : com.restfb.exception.FacebookOAuthException: Received Facebook error response of type OAuthException: (#4) Application request limit reached (code 4, subcode null)
2018-11-26 12:54:21 ERROR [zkewed.facebookpagescraper.service.impl.PostServiceImpl:154] - getSubPost Method : com.restfb.exception.FacebookOAuthException: Received Facebook error response of type OAuthException: (#4) Application request limit reached (code 4, subcode null)
2018-11-26 12:54:21 ERROR [zkewed.facebookpagescraper.views.Main:551] - ConnectButton1MouseCliked:OneRadio Main.java  : com.restfb.exception.FacebookOAuthException: Received Facebook error response of type OAuthException: (#4) Application request limit reached (code 4, subcode null)
2018-11-26 13:07:16 ERROR [zkewed.facebookpagescraper.views.Main:551] - ConnectButton1MouseCliked:OneRadio Main.java  : com.restfb.exception.FacebookOAuthException: Received Facebook error response of type OAuthException: (#4) Application request limit reached (code 4, subcode null)
2018-11-26 13:07:17 ERROR [zkewed.facebookpagescraper.views.Main:551] - ConnectButton1MouseCliked:OneRadio Main.java  : com.restfb.exception.FacebookOAuthException: Received Facebook error response of type OAuthException: (#4) Application request limit reached (code 4, subcode null)
2018-11-26 13:07:19 ERROR [zkewed.facebookpagescraper.views.Main:551] - ConnectButton1MouseCliked:OneRadio Main.java  : com.restfb.exception.FacebookOAuthException: Received Facebook error response of type OAuthException: (#4) Application request limit reached (code 4, subcode null)
2018-11-26 13:07:19 ERROR [zkewed.facebookpagescraper.views.Main:551] - ConnectButton1MouseCliked:OneRadio Main.java  : com.restfb.exception.FacebookOAuthException: Received Facebook error response of type OAuthException: (#4) Application request limit reached (code 4, subcode null)
2018-11-26 13:07:20 ERROR [zkewed.facebookpagescraper.views.Main:551] - ConnectButton1MouseCliked:OneRadio Main.java  : com.restfb.exception.FacebookOAuthException: Received Facebook error response of type OAuthException: (#4) Application request limit reached (code 4, subcode null)
2018-11-26 13:27:31 ERROR [zkewed.facebookpagescraper.views.Main:551] - ConnectButton1MouseCliked:OneRadio Main.java  : java.lang.NullPointerException
2018-11-26 13:27:52 ERROR [zkewed.facebookpagescraper.views.Main:551] - ConnectButton1MouseCliked:OneRadio Main.java  : java.lang.NullPointerException
2018-11-26 13:28:07 ERROR [zkewed.facebookpagescraper.views.Main:573] - ConnectButton1MouseCliked:allRadio Main.java  : java.lang.NullPointerException
2018-11-26 13:31:35 ERROR [zkewed.facebookpagescraper.views.Main:551] - ConnectButton1MouseCliked:OneRadio Main.java  : java.lang.NullPointerException
2018-11-26 13:32:14 ERROR [zkewed.facebookpagescraper.views.Main:573] - ConnectButton1MouseCliked:allRadio Main.java  : com.restfb.exception.FacebookOAuthException: Received Facebook error response of type OAuthException: (#4) Application request limit reached (code 4, subcode null)
2018-11-26 14:17:25 ERROR [zkewed.facebookpagescraper.views.Main:573] - ConnectButton1MouseCliked:allRadio Main.java  : java.lang.NullPointerException
2018-11-26 14:20:20 ERROR [zkewed.facebookpagescraper.views.Main:573] - ConnectButton1MouseCliked:allRadio Main.java  : java.lang.NullPointerException
2018-11-26 14:22:24 ERROR [zkewed.facebookpagescraper.service.impl.PostServiceImpl:159] - getSubPost Method : com.restfb.exception.FacebookOAuthException: Received Facebook error response of type OAuthException: (#4) Application request limit reached (code 4, subcode null)
2018-11-26 14:22:25 ERROR [zkewed.facebookpagescraper.service.impl.PostServiceImpl:159] - getSubPost Method : com.restfb.exception.FacebookOAuthException: Received Facebook error response of type OAuthException: (#4) Application request limit reached (code 4, subcode null)
2018-11-26 14:22:26 ERROR [zkewed.facebookpagescraper.service.impl.PostServiceImpl:159] - getSubPost Method : com.restfb.exception.FacebookOAuthException: Received Facebook error response of type OAuthException: (#4) Application request limit reached (code 4, subcode null)
2018-11-26 14:22:27 ERROR [zkewed.facebookpagescraper.service.impl.PostServiceImpl:159] - getSubPost Method : com.restfb.exception.FacebookOAuthException: Received Facebook error response of type OAuthException: (#4) Application request limit reached (code 4, subcode null)
2018-11-26 14:22:27 ERROR [zkewed.facebookpagescraper.service.impl.PostServiceImpl:159] - getSubPost Method : com.restfb.exception.FacebookOAuthException: Received Facebook error response of type OAuthException: (#4) Application request limit reached (code 4, subcode null)
2018-11-26 14:22:28 ERROR [zkewed.facebookpagescraper.service.impl.PostServiceImpl:159] - getSubPost Method : com.restfb.exception.FacebookOAuthException: Received Facebook error response of type OAuthException: (#4) Application request limit reached (code 4, subcode null)
2018-11-26 14:22:30 ERROR [zkewed.facebookpagescraper.views.Main:573] - ConnectButton1MouseCliked:allRadio Main.java  : com.restfb.exception.FacebookOAuthException: Received Facebook error response of type OAuthException: (#4) Application request limit reached (code 4, subcode null)
2018-11-26 14:22:32 ERROR [zkewed.facebookpagescraper.views.Main:573] - ConnectButton1MouseCliked:allRadio Main.java  : com.restfb.exception.FacebookOAuthException: Received Facebook error response of type OAuthException: (#4) Application request limit reached (code 4, subcode null)
2018-11-27 10:16:45 ERROR [zkewed.facebookpagescraper.service.impl.CommentServiceImpl:58] - getComments Method : com.restfb.exception.FacebookOAuthException: Received Facebook error response of type OAuthException: (#4) Application request limit reached (code 4, subcode null)
2018-11-27 10:16:46 ERROR [zkewed.facebookpagescraper.service.impl.PostServiceImpl:161] - getSubPost Method : com.restfb.exception.FacebookOAuthException: Received Facebook error response of type OAuthException: (#4) Application request limit reached (code 4, subcode null)
2018-11-27 10:16:46 ERROR [zkewed.facebookpagescraper.service.impl.PostServiceImpl:161] - getSubPost Method : com.restfb.exception.FacebookOAuthException: Received Facebook error response of type OAuthException: (#4) Application request limit reached (code 4, subcode null)
2018-11-27 10:16:46 ERROR [zkewed.facebookpagescraper.service.impl.PostServiceImpl:161] - getSubPost Method : com.restfb.exception.FacebookOAuthException: Received Facebook error response of type OAuthException: (#4) Application request limit reached (code 4, subcode null)
2018-11-27 10:16:47 ERROR [zkewed.facebookpagescraper.service.impl.PostServiceImpl:161] - getSubPost Method : com.restfb.exception.FacebookOAuthException: Received Facebook error response of type OAuthException: (#4) Application request limit reached (code 4, subcode null)
2018-11-27 10:16:47 ERROR [zkewed.facebookpagescraper.service.impl.PostServiceImpl:161] - getSubPost Method : com.restfb.exception.FacebookOAuthException: Received Facebook error response of type OAuthException: (#4) Application request limit reached (code 4, subcode null)
2018-11-27 10:16:47 ERROR [zkewed.facebookpagescraper.service.impl.PostServiceImpl:161] - getSubPost Method : com.restfb.exception.FacebookOAuthException: Received Facebook error response of type OAuthException: (#4) Application request limit reached (code 4, subcode null)
2018-11-27 10:16:48 ERROR [zkewed.facebookpagescraper.service.impl.PostServiceImpl:161] - getSubPost Method : com.restfb.exception.FacebookOAuthException: Received Facebook error response of type OAuthException: (#4) Application request limit reached (code 4, subcode null)
2018-11-27 10:16:48 ERROR [zkewed.facebookpagescraper.service.impl.PostServiceImpl:161] - getSubPost Method : com.restfb.exception.FacebookOAuthException: Received Facebook error response of type OAuthException: (#4) Application request limit reached (code 4, subcode null)
2018-11-27 10:16:48 ERROR [zkewed.facebookpagescraper.service.impl.PostServiceImpl:161] - getSubPost Method : com.restfb.exception.FacebookOAuthException: Received Facebook error response of type OAuthException: (#4) Application request limit reached (code 4, subcode null)
2018-11-27 10:16:48 ERROR [zkewed.facebookpagescraper.service.impl.PostServiceImpl:161] - getSubPost Method : com.restfb.exception.FacebookOAuthException: Received Facebook error response of type OAuthException: (#4) Application request limit reached (code 4, subcode null)
2018-11-27 10:16:49 ERROR [zkewed.facebookpagescraper.service.impl.PostServiceImpl:161] - getSubPost Method : com.restfb.exception.FacebookOAuthException: Received Facebook error response of type OAuthException: (#4) Application request limit reached (code 4, subcode null)
2018-11-27 10:16:49 ERROR [zkewed.facebookpagescraper.service.impl.PostServiceImpl:161] - getSubPost Method : com.restfb.exception.FacebookOAuthException: Received Facebook error response of type OAuthException: (#4) Application request limit reached (code 4, subcode null)
2018-11-27 10:16:49 ERROR [zkewed.facebookpagescraper.service.impl.PostServiceImpl:161] - getSubPost Method : com.restfb.exception.FacebookOAuthException: Received Facebook error response of type OAuthException: (#4) Application request limit reached (code 4, subcode null)
2018-11-27 10:16:50 ERROR [zkewed.facebookpagescraper.views.Main:551] - ConnectButton1MouseCliked:OneRadio Main.java  : com.restfb.exception.FacebookOAuthException: Received Facebook error response of type OAuthException: (#4) Application request limit reached (code 4, subcode null)
2018-11-27 10:32:23 ERROR [zkewed.facebookpagescraper.views.Main:624] - addBtnMouseCliked : Main.java  : com.restfb.exception.FacebookOAuthException: Received Facebook error response of type OAuthException: (#4) Application request limit reached (code 4, subcode null)
2018-11-27 10:38:23 ERROR [zkewed.facebookpagescraper.views.Main:624] - addBtnMouseCliked : Main.java  : com.restfb.exception.FacebookOAuthException: Received Facebook error response of type OAuthException: (#4) Application request limit reached (code 4, subcode null)
2018-11-27 11:56:54 ERROR [zkewed.facebookpagescraper.service.impl.CommentServiceImpl:58] - getComments Method : com.restfb.exception.FacebookOAuthException: Received Facebook error response of type OAuthException: (#4) Application request limit reached (code 4, subcode null)
2018-11-27 11:56:54 ERROR [zkewed.facebookpagescraper.service.impl.PostServiceImpl:160] - getSubPost Method : java.lang.NullPointerException
2018-11-27 11:56:54 ERROR [zkewed.facebookpagescraper.service.impl.PostServiceImpl:160] - getSubPost Method : com.restfb.exception.FacebookOAuthException: Received Facebook error response of type OAuthException: (#4) Application request limit reached (code 4, subcode null)
2018-11-27 11:56:54 ERROR [zkewed.facebookpagescraper.service.impl.PostServiceImpl:160] - getSubPost Method : com.restfb.exception.FacebookOAuthException: Received Facebook error response of type OAuthException: (#4) Application request limit reached (code 4, subcode null)
2018-11-27 11:56:55 ERROR [zkewed.facebookpagescraper.service.impl.PostServiceImpl:160] - getSubPost Method : com.restfb.exception.FacebookOAuthException: Received Facebook error response of type OAuthException: (#4) Application request limit reached (code 4, subcode null)
2018-11-27 11:56:56 ERROR [zkewed.facebookpagescraper.service.impl.PostServiceImpl:160] - getSubPost Method : com.restfb.exception.FacebookOAuthException: Received Facebook error response of type OAuthException: (#4) Application request limit reached (code 4, subcode null)
2018-11-27 11:56:56 ERROR [zkewed.facebookpagescraper.service.impl.PostServiceImpl:160] - getSubPost Method : com.restfb.exception.FacebookOAuthException: Received Facebook error response of type OAuthException: (#4) Application request limit reached (code 4, subcode null)
2018-11-27 11:56:57 ERROR [zkewed.facebookpagescraper.service.impl.PostServiceImpl:160] - getSubPost Method : com.restfb.exception.FacebookOAuthException: Received Facebook error response of type OAuthException: (#4) Application request limit reached (code 4, subcode null)
2018-11-27 11:56:57 ERROR [zkewed.facebookpagescraper.service.impl.PostServiceImpl:160] - getSubPost Method : com.restfb.exception.FacebookOAuthException: Received Facebook error response of type OAuthException: (#4) Application request limit reached (code 4, subcode null)
2018-11-27 11:56:57 ERROR [zkewed.facebookpagescraper.service.impl.PostServiceImpl:160] - getSubPost Method : com.restfb.exception.FacebookOAuthException: Received Facebook error response of type OAuthException: (#4) Application request limit reached (code 4, subcode null)
2018-11-27 11:56:58 ERROR [zkewed.facebookpagescraper.service.impl.PostServiceImpl:160] - getSubPost Method : com.restfb.exception.FacebookOAuthException: Received Facebook error response of type OAuthException: (#4) Application request limit reached (code 4, subcode null)
2018-11-27 11:56:58 ERROR [zkewed.facebookpagescraper.service.impl.PostServiceImpl:160] - getSubPost Method : com.restfb.exception.FacebookOAuthException: Received Facebook error response of type OAuthException: (#4) Application request limit reached (code 4, subcode null)
2018-11-27 11:56:58 ERROR [zkewed.facebookpagescraper.service.impl.PostServiceImpl:160] - getSubPost Method : com.restfb.exception.FacebookOAuthException: Received Facebook error response of type OAuthException: (#4) Application request limit reached (code 4, subcode null)
2018-11-27 11:56:59 ERROR [zkewed.facebookpagescraper.views.Main:551] - ConnectButton1MouseCliked:OneRadio Main.java  : com.restfb.exception.FacebookOAuthException: Received Facebook error response of type OAuthException: (#4) Application request limit reached (code 4, subcode null)
